# JRE version: OpenJDK Runtime Environment Temurin-21.0.7+6 (21.0.7+6) (build 21.0.7+6-LTS)
# Java VM: OpenJDK 64-Bit Server VM Temurin-21.0.7+6 (21.0.7+6-LTS, mixed mode, sharing, tiered, compressed oops, compressed class ptrs, parallel gc, windows-amd64)
GC Precious Log:
 CardTable entry size: 512
 CPUs: 12 total, 12 available
 Memory: 16076M
 Large Page Support: Disabled
 NUMA Support: Disabled
 Compressed Oops: Enabled (32-bit)
 Alignments: Space 512K, Generation 512K, Heap 2M
 Heap Min Capacity: 100M
 Heap Initial Capacity: 100M
 Heap Max Capacity: 2G
 Pre-touch: Disabled
 Parallel Workers: 10
Heap:
 PSYoungGen      total 3584K, used 2154K [0x00000000d5580000, 0x00000000d5b00000, 0x0000000100000000)
  eden space 2560K, 49% used [0x00000000d5580000,0x00000000d56bddd0,0x00000000d5800000)
  from space 1024K, 86% used [0x00000000d5900000,0x00000000d59dcd58,0x00000000d5a00000)
  to   space 1024K, 0% used [0x00000000d5a00000,0x00000000d5a00000,0x00000000d5b00000)
 ParOldGen       total 772608K, used 516297K [0x0000000080000000, 0x00000000af280000, 0x00000000d5580000)
  object space 772608K, 66% used [0x0000000080000000,0x000000009f832768,0x00000000af280000)
 Metaspace       used 89231K, committed 90752K, reserved 1179648K
  class space    used 9021K, committed 9728K, reserved 1048576K
GC Heap History (20 events):
Event: 2524.856 GC heap before
{Heap before GC invocations=1865 (full 5):
 PSYoungGen      total 7168K, used 6417K [0x00000000d5580000, 0x00000000d5f00000, 0x0000000100000000)
  eden space 6144K, 100% used [0x00000000d5580000,0x00000000d5b80000,0x00000000d5b80000)
  from space 1024K, 26% used [0x00000000d5d80000,0x00000000d5dc47a8,0x00000000d5e80000)
  to   space 512K, 0% used [0x00000000d5e80000,0x00000000d5e80000,0x00000000d5f00000)
 ParOldGen       total 772608K, used 500516K [0x0000000080000000, 0x00000000af280000, 0x00000000d5580000)
  object space 772608K, 64% used [0x0000000080000000,0x000000009e8c9358,0x00000000af280000)
 Metaspace       used 89185K, committed 90752K, reserved 1179648K
  class space    used 9014K, committed 9728K, reserved 1048576K
}
Event: 2524.857 GC heap after
{Heap after GC invocations=1865 (full 5):
 PSYoungGen      total 6656K, used 128K [0x00000000d5580000, 0x00000000d5f00000, 0x0000000100000000)
  eden space 6144K, 0% used [0x00000000d5580000,0x00000000d5580000,0x00000000d5b80000)
  from space 512K, 25% used [0x00000000d5e80000,0x00000000d5ea0000,0x00000000d5f00000)
  to   space 512K, 0% used [0x00000000d5e00000,0x00000000d5e00000,0x00000000d5e80000)
 ParOldGen       total 772608K, used 500548K [0x0000000080000000, 0x00000000af280000, 0x00000000d5580000)
  object space 772608K, 64% used [0x0000000080000000,0x000000009e8d1358,0x00000000af280000)
 Metaspace       used 89185K, committed 90752K, reserved 1179648K
  class space    used 9014K, committed 9728K, reserved 1048576K
}
Event: 2524.876 GC heap before
{Heap before GC invocations=1866 (full 5):
 PSYoungGen      total 6656K, used 6272K [0x00000000d5580000, 0x00000000d5f00000, 0x0000000100000000)
  eden space 6144K, 100% used [0x00000000d5580000,0x00000000d5b80000,0x00000000d5b80000)
  from space 512K, 25% used [0x00000000d5e80000,0x00000000d5ea0000,0x00000000d5f00000)
  to   space 512K, 0% used [0x00000000d5e00000,0x00000000d5e00000,0x00000000d5e80000)
 ParOldGen       total 772608K, used 500548K [0x0000000080000000, 0x00000000af280000, 0x00000000d5580000)
  object space 772608K, 64% used [0x0000000080000000,0x000000009e8d1358,0x00000000af280000)
 Metaspace       used 89226K, committed 90752K, reserved 1179648K
  class space    used 9021K, committed 9728K, reserved 1048576K
}
Event: 2524.878 GC heap after
{Heap after GC invocations=1866 (full 5):
 PSYoungGen      total 6656K, used 512K [0x00000000d5580000, 0x00000000d5f00000, 0x0000000100000000)
  eden space 6144K, 0% used [0x00000000d5580000,0x00000000d5580000,0x00000000d5b80000)
  from space 512K, 100% used [0x00000000d5e00000,0x00000000d5e80000,0x00000000d5e80000)
  to   space 512K, 0% used [0x00000000d5e80000,0x00000000d5e80000,0x00000000d5f00000)
 ParOldGen       total 772608K, used 500702K [0x0000000080000000, 0x00000000af280000, 0x00000000d5580000)
  object space 772608K, 64% used [0x0000000080000000,0x000000009e8f7b10,0x00000000af280000)
 Metaspace       used 89226K, committed 90752K, reserved 1179648K
  class space    used 9021K, committed 9728K, reserved 1048576K
}
Event: 2525.073 GC heap before
{Heap before GC invocations=1867 (full 5):
 PSYoungGen      total 6656K, used 6656K [0x00000000d5580000, 0x00000000d5f00000, 0x0000000100000000)
  eden space 6144K, 100% used [0x00000000d5580000,0x00000000d5b80000,0x00000000d5b80000)
  from space 512K, 100% used [0x00000000d5e00000,0x00000000d5e80000,0x00000000d5e80000)
  to   space 512K, 0% used [0x00000000d5e80000,0x00000000d5e80000,0x00000000d5f00000)
 ParOldGen       total 772608K, used 500702K [0x0000000080000000, 0x00000000af280000, 0x00000000d5580000)
  object space 772608K, 64% used [0x0000000080000000,0x000000009e8f7b10,0x00000000af280000)
 Metaspace       used 89226K, committed 90752K, reserved 1179648K
  class space    used 9021K, committed 9728K, reserved 1048576K
}
Event: 2525.075 GC heap after
{Heap after GC invocations=1867 (full 5):
 PSYoungGen      total 6656K, used 512K [0x00000000d5580000, 0x00000000d5f00000, 0x0000000100000000)
  eden space 6144K, 0% used [0x00000000d5580000,0x00000000d5580000,0x00000000d5b80000)
  from space 512K, 100% used [0x00000000d5e80000,0x00000000d5f00000,0x00000000d5f00000)
  to   space 1536K, 0% used [0x00000000d5c00000,0x00000000d5c00000,0x00000000d5d80000)
 ParOldGen       total 772608K, used 501304K [0x0000000080000000, 0x00000000af280000, 0x00000000d5580000)
  object space 772608K, 64% used [0x0000000080000000,0x000000009e98e2b8,0x00000000af280000)
 Metaspace       used 89226K, committed 90752K, reserved 1179648K
  class space    used 9021K, committed 9728K, reserved 1048576K
}
Event: 2525.307 GC heap before
{Heap before GC invocations=1868 (full 5):
 PSYoungGen      total 6656K, used 6656K [0x00000000d5580000, 0x00000000d5f00000, 0x0000000100000000)
  eden space 6144K, 100% used [0x00000000d5580000,0x00000000d5b80000,0x00000000d5b80000)
  from space 512K, 100% used [0x00000000d5e80000,0x00000000d5f00000,0x00000000d5f00000)
  to   space 1536K, 0% used [0x00000000d5c00000,0x00000000d5c00000,0x00000000d5d80000)
 ParOldGen       total 772608K, used 501304K [0x0000000080000000, 0x00000000af280000, 0x00000000d5580000)
  object space 772608K, 64% used [0x0000000080000000,0x000000009e98e2b8,0x00000000af280000)
 Metaspace       used 89229K, committed 90752K, reserved 1179648K
  class space    used 9021K, committed 9728K, reserved 1048576K
}
Event: 2525.309 GC heap after
{Heap after GC invocations=1868 (full 5):
 PSYoungGen      total 7680K, used 1524K [0x00000000d5580000, 0x00000000d6280000, 0x0000000100000000)
  eden space 6144K, 0% used [0x00000000d5580000,0x00000000d5580000,0x00000000d5b80000)
  from space 1536K, 99% used [0x00000000d5c00000,0x00000000d5d7d218,0x00000000d5d80000)
  to   space 3584K, 0% used [0x00000000d5f00000,0x00000000d5f00000,0x00000000d6280000)
 ParOldGen       total 772608K, used 502690K [0x0000000080000000, 0x00000000af280000, 0x00000000d5580000)
  object space 772608K, 65% used [0x0000000080000000,0x000000009eae8bb8,0x00000000af280000)
 Metaspace       used 89229K, committed 90752K, reserved 1179648K
  class space    used 9021K, committed 9728K, reserved 1048576K
}
Event: 2525.319 GC heap before
{Heap before GC invocations=1869 (full 5):
 PSYoungGen      total 7680K, used 7668K [0x00000000d5580000, 0x00000000d6280000, 0x0000000100000000)
  eden space 6144K, 100% used [0x00000000d5580000,0x00000000d5b80000,0x00000000d5b80000)
  from space 1536K, 99% used [0x00000000d5c00000,0x00000000d5d7d218,0x00000000d5d80000)
  to   space 3584K, 0% used [0x00000000d5f00000,0x00000000d5f00000,0x00000000d6280000)
 ParOldGen       total 772608K, used 502690K [0x0000000080000000, 0x00000000af280000, 0x00000000d5580000)
  object space 772608K, 65% used [0x0000000080000000,0x000000009eae8bb8,0x00000000af280000)
 Metaspace       used 89230K, committed 90752K, reserved 1179648K
  class space    used 9021K, committed 9728K, reserved 1048576K
}
Event: 2525.322 GC heap after
{Heap after GC invocations=1869 (full 5):
 PSYoungGen      total 6144K, used 3565K [0x00000000d5580000, 0x00000000d6980000, 0x0000000100000000)
  eden space 2560K, 0% used [0x00000000d5580000,0x00000000d5580000,0x00000000d5800000)
  from space 3584K, 99% used [0x00000000d5f00000,0x00000000d627b400,0x00000000d6280000)
  to   space 7168K, 0% used [0x00000000d5800000,0x00000000d5800000,0x00000000d5f00000)
 ParOldGen       total 772608K, used 505408K [0x0000000080000000, 0x00000000af280000, 0x00000000d5580000)
  object space 772608K, 65% used [0x0000000080000000,0x000000009ed90318,0x00000000af280000)
 Metaspace       used 89230K, committed 90752K, reserved 1179648K
  class space    used 9021K, committed 9728K, reserved 1048576K
}
Event: 2525.335 GC heap before
{Heap before GC invocations=1870 (full 5):
 PSYoungGen      total 6144K, used 6124K [0x00000000d5580000, 0x00000000d6980000, 0x0000000100000000)
  eden space 2560K, 99% used [0x00000000d5580000,0x00000000d57ffff0,0x00000000d5800000)
  from space 3584K, 99% used [0x00000000d5f00000,0x00000000d627b400,0x00000000d6280000)
  to   space 7168K, 0% used [0x00000000d5800000,0x00000000d5800000,0x00000000d5f00000)
 ParOldGen       total 772608K, used 505408K [0x0000000080000000, 0x00000000af280000, 0x00000000d5580000)
  object space 772608K, 65% used [0x0000000080000000,0x000000009ed90318,0x00000000af280000)
 Metaspace       used 89230K, committed 90752K, reserved 1179648K
  class space    used 9021K, committed 9728K, reserved 1048576K
}
Event: 2525.337 GC heap after
{Heap after GC invocations=1870 (full 5):
 PSYoungGen      total 5632K, used 2561K [0x00000000d5580000, 0x00000000d6000000, 0x0000000100000000)
  eden space 2560K, 0% used [0x00000000d5580000,0x00000000d5580000,0x00000000d5800000)
  from space 3072K, 83% used [0x00000000d5800000,0x00000000d5a804d0,0x00000000d5b00000)
  to   space 4096K, 0% used [0x00000000d5c00000,0x00000000d5c00000,0x00000000d6000000)
 ParOldGen       total 772608K, used 508729K [0x0000000080000000, 0x00000000af280000, 0x00000000d5580000)
  object space 772608K, 65% used [0x0000000080000000,0x000000009f0ce6f8,0x00000000af280000)
 Metaspace       used 89230K, committed 90752K, reserved 1179648K
  class space    used 9021K, committed 9728K, reserved 1048576K
}
Event: 2525.340 GC heap before
{Heap before GC invocations=1871 (full 5):
 PSYoungGen      total 5632K, used 5121K [0x00000000d5580000, 0x00000000d6000000, 0x0000000100000000)
  eden space 2560K, 100% used [0x00000000d5580000,0x00000000d5800000,0x00000000d5800000)
  from space 3072K, 83% used [0x00000000d5800000,0x00000000d5a804d0,0x00000000d5b00000)
  to   space 4096K, 0% used [0x00000000d5c00000,0x00000000d5c00000,0x00000000d6000000)
 ParOldGen       total 772608K, used 508729K [0x0000000080000000, 0x00000000af280000, 0x00000000d5580000)
  object space 772608K, 65% used [0x0000000080000000,0x000000009f0ce6f8,0x00000000af280000)
 Metaspace       used 89230K, committed 90752K, reserved 1179648K
  class space    used 9021K, committed 9728K, reserved 1048576K
}
Event: 2525.342 GC heap after
{Heap after GC invocations=1871 (full 5):
 PSYoungGen      total 5120K, used 2548K [0x00000000d5580000, 0x00000000d5e80000, 0x0000000100000000)
  eden space 2560K, 0% used [0x00000000d5580000,0x00000000d5580000,0x00000000d5800000)
  from space 2560K, 99% used [0x00000000d5c00000,0x00000000d5e7d000,0x00000000d5e80000)
  to   space 3072K, 0% used [0x00000000d5880000,0x00000000d5880000,0x00000000d5b80000)
 ParOldGen       total 772608K, used 511522K [0x0000000080000000, 0x00000000af280000, 0x00000000d5580000)
  object space 772608K, 66% used [0x0000000080000000,0x000000009f388898,0x00000000af280000)
 Metaspace       used 89230K, committed 90752K, reserved 1179648K
  class space    used 9021K, committed 9728K, reserved 1048576K
}
Event: 2525.376 GC heap before
{Heap before GC invocations=1872 (full 5):
 PSYoungGen      total 5120K, used 5108K [0x00000000d5580000, 0x00000000d5e80000, 0x0000000100000000)
  eden space 2560K, 100% used [0x00000000d5580000,0x00000000d5800000,0x00000000d5800000)
  from space 2560K, 99% used [0x00000000d5c00000,0x00000000d5e7d000,0x00000000d5e80000)
  to   space 3072K, 0% used [0x00000000d5880000,0x00000000d5880000,0x00000000d5b80000)
 ParOldGen       total 772608K, used 511522K [0x0000000080000000, 0x00000000af280000, 0x00000000d5580000)
  object space 772608K, 66% used [0x0000000080000000,0x000000009f388898,0x00000000af280000)
 Metaspace       used 89230K, committed 90752K, reserved 1179648K
  class space    used 9021K, committed 9728K, reserved 1048576K
}
Event: 2525.379 GC heap after
{Heap after GC invocations=1872 (full 5):
 PSYoungGen      total 4608K, used 1595K [0x00000000d5580000, 0x00000000d5c80000, 0x0000000100000000)
  eden space 2560K, 0% used [0x00000000d5580000,0x00000000d5580000,0x00000000d5800000)
  from space 2048K, 77% used [0x00000000d5880000,0x00000000d5a0efd0,0x00000000d5a80000)
  to   space 2048K, 0% used [0x00000000d5a80000,0x00000000d5a80000,0x00000000d5c80000)
 ParOldGen       total 772608K, used 513914K [0x0000000080000000, 0x00000000af280000, 0x00000000d5580000)
  object space 772608K, 66% used [0x0000000080000000,0x000000009f5de898,0x00000000af280000)
 Metaspace       used 89230K, committed 90752K, reserved 1179648K
  class space    used 9021K, committed 9728K, reserved 1048576K
}
Event: 2525.385 GC heap before
{Heap before GC invocations=1873 (full 5):
 PSYoungGen      total 4608K, used 4155K [0x00000000d5580000, 0x00000000d5c80000, 0x0000000100000000)
  eden space 2560K, 100% used [0x00000000d5580000,0x00000000d5800000,0x00000000d5800000)
  from space 2048K, 77% used [0x00000000d5880000,0x00000000d5a0efd0,0x00000000d5a80000)
  to   space 2048K, 0% used [0x00000000d5a80000,0x00000000d5a80000,0x00000000d5c80000)
 ParOldGen       total 772608K, used 513914K [0x0000000080000000, 0x00000000af280000, 0x00000000d5580000)
  object space 772608K, 66% used [0x0000000080000000,0x000000009f5de898,0x00000000af280000)
 Metaspace       used 89231K, committed 90752K, reserved 1179648K
  class space    used 9021K, committed 9728K, reserved 1048576K
}
Event: 2525.386 GC heap after
{Heap after GC invocations=1873 (full 5):
 PSYoungGen      total 4096K, used 1075K [0x00000000d5580000, 0x00000000d5c00000, 0x0000000100000000)
  eden space 2560K, 0% used [0x00000000d5580000,0x00000000d5580000,0x00000000d5800000)
  from space 1536K, 70% used [0x00000000d5a80000,0x00000000d5b8cd20,0x00000000d5c00000)
  to   space 1536K, 0% used [0x00000000d5900000,0x00000000d5900000,0x00000000d5a80000)
 ParOldGen       total 772608K, used 515344K [0x0000000080000000, 0x00000000af280000, 0x00000000d5580000)
  object space 772608K, 66% used [0x0000000080000000,0x000000009f744020,0x00000000af280000)
 Metaspace       used 89231K, committed 90752K, reserved 1179648K
  class space    used 9021K, committed 9728K, reserved 1048576K
}
Event: 2525.392 GC heap before
{Heap before GC invocations=1874 (full 5):
 PSYoungGen      total 4096K, used 3635K [0x00000000d5580000, 0x00000000d5c00000, 0x0000000100000000)
  eden space 2560K, 100% used [0x00000000d5580000,0x00000000d5800000,0x00000000d5800000)
  from space 1536K, 70% used [0x00000000d5a80000,0x00000000d5b8cd20,0x00000000d5c00000)
  to   space 1536K, 0% used [0x00000000d5900000,0x00000000d5900000,0x00000000d5a80000)
 ParOldGen       total 772608K, used 515344K [0x0000000080000000, 0x00000000af280000, 0x00000000d5580000)
  object space 772608K, 66% used [0x0000000080000000,0x000000009f744020,0x00000000af280000)
 Metaspace       used 89231K, committed 90752K, reserved 1179648K
  class space    used 9021K, committed 9728K, reserved 1048576K
}
Event: 2525.394 GC heap after
{Heap after GC invocations=1874 (full 5):
 PSYoungGen      total 3584K, used 883K [0x00000000d5580000, 0x00000000d5b00000, 0x0000000100000000)
  eden space 2560K, 0% used [0x00000000d5580000,0x00000000d5580000,0x00000000d5800000)
  from space 1024K, 86% used [0x00000000d5900000,0x00000000d59dcd58,0x00000000d5a00000)
  to   space 1024K, 0% used [0x00000000d5a00000,0x00000000d5a00000,0x00000000d5b00000)
 ParOldGen       total 772608K, used 516297K [0x0000000080000000, 0x00000000af280000, 0x00000000d5580000)
  object space 772608K, 66% used [0x0000000080000000,0x000000009f832768,0x00000000af280000)
 Metaspace       used 89231K, committed 90752K, reserved 1179648K
  class space    used 9021K, committed 9728K, reserved 1048576K
}

